
10 b * MeV**(-1/2) 2

    10. b/MeV**(1/2)
    {'b': 1, 'MeV': Fraction(-1, 2)}
    [1, Fraction(-1, 2), 1, 0, 0, 0, 0, 0, 0]

    1.e2 b**2/MeV
    {'b': 2, 'MeV': -1}
    [2, -1, 2, 0, 0, 0, 0, 0, 0]

    10. b
    {'b': 1}
    [2, 0, 0, 0, 0, 0, 0, 0, 0]

    10. b/MeV
    {'b': 1, 'MeV': -1}
    [0, -1, 2, 0, 0, 0, 0, 0, 0]

10 (b * MeV**(-1/2))**(1/3) 6

    10. b**(1/3)/MeV**(1/6)
    {'b': Fraction(1, 3), 'MeV': Fraction(-1, 6)}
    [Fraction(1, 3), Fraction(-1, 6), Fraction(1, 3), 0, 0, 0, 0, 0, 0]

    1.e6 b**2/MeV
    {'b': 2, 'MeV': -1}
    [2, -1, 2, 0, 0, 0, 0, 0, 0]

    10. b**(1/3)*MeV**(1/3)
    {'b': Fraction(1, 3), 'MeV': Fraction(1, 3)}
    [Fraction(4, 3), Fraction(1, 3), Fraction(-2, 3), 0, 0, 0, 0, 0, 0]

    10. b**(1/3)/MeV**(2/3)
    {'b': Fraction(1, 3), 'MeV': Fraction(-2, 3)}
    [Fraction(-2, 3), Fraction(-2, 3), Fraction(4, 3), 0, 0, 0, 0, 0, 0]

10 b * MeV**(1/2) 2

    10. b*MeV**(1/2)
    {'b': 1, 'MeV': Fraction(1, 2)}
    [3, Fraction(1, 2), -1, 0, 0, 0, 0, 0, 0]

    1.e2 b**2*MeV
    {'b': 2, 'MeV': 1}
    [6, 1, -2, 0, 0, 0, 0, 0, 0]

    10. b*MeV
    {'b': 1, 'MeV': 1}
    [4, 1, -2, 0, 0, 0, 0, 0, 0]

    10. b
    {'b': 1}
    [2, 0, 0, 0, 0, 0, 0, 0, 0]

10 b * MeV 1

    10. b*MeV
    {'b': 1, 'MeV': 1}
    [4, 1, -2, 0, 0, 0, 0, 0, 0]

    10. b*MeV
    {'b': 1, 'MeV': 1}
    [4, 1, -2, 0, 0, 0, 0, 0, 0]

    10. b*MeV**(3/2)
    {'b': 1, 'MeV': Fraction(3, 2)}
    [5, Fraction(3, 2), -3, 0, 0, 0, 0, 0, 0]

    10. b*MeV**(1/2)
    {'b': 1, 'MeV': Fraction(1, 2)}
    [3, Fraction(1, 2), -1, 0, 0, 0, 0, 0, 0]
1. MeV**(1/2) 1. MeV False
1. MeV 1. MeV True
1. MeV**(1/2) 1. MeV**(1/2) True
