
10 b * MeV**(-1/2)
10. b/MeV**(1/2)
10. b/MeV**(1/2)
3.16227766016838 b**(1/2)/MeV**(1/4)
30. b*MeV**(1/2)
30. b*MeV
30. b*MeV**(3/2)

10 (b * MeV**(-1/2))**(1/3)
10. b**(1/3)/MeV**(1/6)
10. b**(1/3)/MeV**(1/6)
3.16227766016838 b**(1/6)/MeV**(1/12)
30. b**(1/3)*MeV**(5/6)
30. b**(1/3)*MeV**(4/3)
30. b**(1/3)*MeV**(11/6)

10 b * MeV**(1/2)
10. b*MeV**(1/2)
10. b*MeV**(1/2)
3.16227766016838 b**(1/2)*MeV**(1/4)
30. b*MeV**(3/2)
30. b*MeV**2
30. b*MeV**(5/2)

10 b * MeV**2
10. b*MeV**2
10. b*MeV**2
3.16227766016838 b**(1/2)*MeV
30. b*MeV**3
30. b*MeV**(7/2)
30. b*MeV**4

10 (b * MeV**2)**(1/3)
10. b**(1/3)*MeV**(2/3)
10. b**(1/3)*MeV**(2/3)
3.16227766016838 b**(1/6)*MeV**(1/3)
30. b**(1/3)*MeV**(5/3)
30. b**(1/3)*MeV**(13/6)
30. b**(1/3)*MeV**(8/3)
