
<0.0 +/- 0.05 Ang>
<0.00 +/- 0.05 Ang>

<0.0 +/- 0.050 Ang>
<0.000 +/- 0.050 Ang>

<0.0 +/- 0.05012 Ang>
<0.000 +/- 0.050 Ang>

<0.0 +/- 0.05000 Ang>
<0.000 +/- 0.050 Ang>

<-0.0 +/- 0.05000 Ang>
<-0.000 +/- 0.050 Ang>

<0.135    +/- 1.2% eV/mm>
<0.1350 +/- 1.2% eV/mm>

<135    +/- 1.2% eV/mm>
<135.0 +/- 1.2% eV/mm>

<11.e3>
<1.1e4>

<11.009e3>
<11009.>

<.009e3>
<9.>

<.135>
<0.135>

<.135>
<0.135>

<0.135>
<0.135>

<.135 		 eV>
<0.135 eV>

<0.135    +/- 1.2% eV/mm>
<0.1350 +/- 1.2% eV/mm>

<-0.135+/- 1.2% eV/mm>
<-0.1350 +/- 1.2% eV/mm>

<+0.135    +/- 1.2% eV/mm>
<0.1350 +/- 1.2% eV/mm>

<0.135+/-1.2>
<0.1 +/- 1.2>

<0.135 +/- 1.2e-2 eV/mm>
<0.135 +/- 0.012 eV/mm>

<0.135(12) eV/mm>
<0.135(12) eV/mm>

<0.135 eV / mm>
<0.135 eV/mm>

<-0.135e-12 +/- 1.2% eV/mm>
<-1.350e-13 +/- 1.2% eV/mm>

<-0.135e-12 +/- 1.2e-14 eV/mm>
<-1.35e-13 +/- 1.2e-14 eV/mm>

<-0.135e-13 +/- 1.2e-14 eV/mm>
<-1.3e-14 +/- 1.2e-14 eV/mm>

<-0.135e-12(12) eV/mm>
<-1.35e-13(12) eV/mm>

<-0.135e-12(4) eV/mm>
<-1.35e-13(4) eV/mm>

<-0.135e+12(12) eV/mm>
<-1.35e11(12) eV/mm>

<-0.135e+12(4) eV/mm>
<-1.35e11(4) eV/mm>

<13.5>
<13.5>

<13.5%>
<13.5%>

<0.0 +/- 0.0555 Ang>
<0.000 +/- 0.056 Ang>

<-0.135e-12(12)eV/mm>
<-1.35e-13(12) eV/mm>
