
2.300000000000(1) MeV
value = 2.300000000000000e+00, significantDigits = 13, order = 0, isPercent = False, unit = "MeV"
uncertainty = value = 1.000000000000000e-12, significantDigits = 1, order = -12, isPercent = False
2.300000000001(1) MeV
value = 2.300000000001000e+00, significantDigits = 13, order = 0, isPercent = False, unit = "MeV"
uncertainty = value = 1.000000000000000e-12, significantDigits = 1, order = -12, isPercent = False

2.300000000003(1) MeV
value = 2.300000000003000e+00, significantDigits = 13, order = 0, isPercent = False, unit = "MeV"
uncertainty = value = 1.000000000000000e-12, significantDigits = 1, order = -12, isPercent = False

10.01 km
value = 1.000000000000000e+01, significantDigits = 16, order = 1, isPercent = False, unit = "m"
uncertainty = 
value = 1.000000000000000e+01, significantDigits = 16, order = 1, isPercent = False, unit = "km"
uncertainty = 
value = 1.001000000000000e+01, significantDigits = 16, order = 1, isPercent = False, unit = "km"
uncertainty = 

1.e3 MeV/c**2
value = 1.000000000000000e+03, significantDigits = 16, order = 3, isPercent = False, unit = "MeV/c**2"
uncertainty = 
1.782661805912292e-27 kg
value = 1.782661805912292e-27, significantDigits = 16, order = -27, isPercent = False, unit = "kg"
uncertainty = 
