0.83 +/- 0.14 1/eV


0.00 +/- 0.13 eV
value = 0.000000000000000e+00, significantDigits = 3, order = 0, isPercent = False, unit = "eV"
uncertainty = value = 1.300000000000000e-01, significantDigits = 2, order = -1, isPercent = False

a1 + a2
0.00 +/- 0.26 eV
value = 0.000000000000000e+00, significantDigits = 3, order = 0, isPercent = False, unit = "eV"
uncertainty = value = 2.600000000000000e-01, significantDigits = 2, order = -1, isPercent = False

a1 - a2
0. eV
value = 0.000000000000000e+00, significantDigits = 16, order = 0, isPercent = False, unit = "eV"
uncertainty = 

a1 * a2
0.00 +/- 0.26 eV**2
value = 0.000000000000000e+00, significantDigits = 3, order = 0, isPercent = False, unit = "eV**2"
uncertainty = value = 2.600000000000000e-01, significantDigits = 2, order = -1, isPercent = False

a1 / a2
Divide by zero


1.20 +/- 0.20 eV
value = 1.200000000000000e+00, significantDigits = 3, order = 0, isPercent = False, unit = "eV"
uncertainty = value = 2.000000000000000e-01, significantDigits = 2, order = -1, isPercent = False

a1 + a2
2.40 +/- 0.40 eV
value = 2.400000000000000e+00, significantDigits = 3, order = 0, isPercent = False, unit = "eV"
uncertainty = value = 4.000000000000000e-01, significantDigits = 2, order = -1, isPercent = False

a1 - a2
0. eV
value = 0.000000000000000e+00, significantDigits = 16, order = 0, isPercent = False, unit = "eV"
uncertainty = 

a1 * a2
1.44 +/- 0.40 eV**2
value = 1.440000000000000e+00, significantDigits = 3, order = 0, isPercent = False, unit = "eV**2"
uncertainty = value = 4.000000000000000e-01, significantDigits = 2, order = -1, isPercent = False

a1 / a2
1.
value = 1.000000000000000e+00, significantDigits = 16, order = 0, isPercent = False, unit = ""
uncertainty = 


0.00 +/- 0.13 eV
value = 0.000000000000000e+00, significantDigits = 3, order = 0, isPercent = False, unit = "eV"
uncertainty = value = 1.300000000000000e-01, significantDigits = 2, order = -1, isPercent = False
1.20 +/- 0.20 eV
value = 1.200000000000000e+00, significantDigits = 3, order = 0, isPercent = False, unit = "eV"
uncertainty = value = 2.000000000000000e-01, significantDigits = 2, order = -1, isPercent = False

a1 + a2
1.20 +/- 0.24 eV
value = 1.200000000000000e+00, significantDigits = 3, order = 0, isPercent = False, unit = "eV"
uncertainty = value = 2.385372088375313e-01, significantDigits = 2, order = -1, isPercent = False

a1 - a2
-1.20 +/- 0.24 eV
value = -1.200000000000000e+00, significantDigits = 3, order = 0, isPercent = False, unit = "eV"
uncertainty = value = 2.385372088375313e-01, significantDigits = 2, order = -1, isPercent = False

a1 * a2
0.00 +/- 0.16 eV**2
value = 0.000000000000000e+00, significantDigits = 3, order = 0, isPercent = False, unit = "eV**2"
uncertainty = value = 1.560000000000000e-01, significantDigits = 2, order = -1, isPercent = False

a1 / a2
0.00 +/- 0.11
value = 0.000000000000000e+00, significantDigits = 3, order = 0, isPercent = False, unit = ""
uncertainty = value = 1.083333333333333e-01, significantDigits = 2, order = -1, isPercent = False


1.20 +/- 0.20 eV
value = 1.200000000000000e+00, significantDigits = 3, order = 0, isPercent = False, unit = "eV"
uncertainty = value = 2.000000000000000e-01, significantDigits = 2, order = -1, isPercent = False
0.00 +/- 0.13 eV
value = 0.000000000000000e+00, significantDigits = 3, order = 0, isPercent = False, unit = "eV"
uncertainty = value = 1.300000000000000e-01, significantDigits = 2, order = -1, isPercent = False

a1 + a2
1.20 +/- 0.24 eV
value = 1.200000000000000e+00, significantDigits = 3, order = 0, isPercent = False, unit = "eV"
uncertainty = value = 2.385372088375313e-01, significantDigits = 2, order = -1, isPercent = False

a1 - a2
1.20 +/- 0.24 eV
value = 1.200000000000000e+00, significantDigits = 3, order = 0, isPercent = False, unit = "eV"
uncertainty = value = 2.385372088375313e-01, significantDigits = 2, order = -1, isPercent = False

a1 * a2
0.00 +/- 0.16 eV**2
value = 0.000000000000000e+00, significantDigits = 3, order = 0, isPercent = False, unit = "eV**2"
uncertainty = value = 1.560000000000000e-01, significantDigits = 2, order = -1, isPercent = False

a1 / a2
Divide by zero
